2020-11-04T07:30:10+00:00 CRITICAL Maximum execution time of 30 seconds exceeded tässä C:\xampp\htdocs\webSiteKarilta\wp-includes\wp-db.php rivillä 2033

2020-11-04T07:54:15+00:00 CRITICAL Maximum execution time of 30 seconds exceeded tässä C:\xampp\htdocs\webSiteKarilta\wp-includes\wp-db.php rivillä 2033

2020-11-04T07:58:29+00:00 CRITICAL Maximum execution time of 30 seconds exceeded tässä C:\xampp\htdocs\webSiteKarilta\wp-includes\Requests\IDNAEncoder.php rivillä 13

2020-11-04T07:59:12+00:00 CRITICAL Maximum execution time of 30 seconds exceeded tässä C:\xampp\htdocs\webSiteKarilta\wp-content\plugins\woocommerce\includes\rest-api\Controllers\Version3\class-wc-rest-taxes-controller.php rivillä 19

2020-11-04T07:59:44+00:00 CRITICAL Maximum execution time of 30 seconds exceeded tässä C:\xampp\htdocs\webSiteKarilta\wp-includes\wp-db.php rivillä 2033

2020-11-04T08:09:27+00:00 CRITICAL Maximum execution time of 30 seconds exceeded tässä C:\xampp\htdocs\webSiteKarilta\wp-admin\includes\file.php rivillä 16

2020-11-04T08:11:27+00:00 CRITICAL Maximum execution time of 30 seconds exceeded tässä C:\xampp\htdocs\webSiteKarilta\wp-admin\includes\taxonomy.php rivillä 24

2020-11-04T08:13:30+00:00 CRITICAL Maximum execution time of 30 seconds exceeded tässä C:\xampp\htdocs\webSiteKarilta\wp-content\plugins\woocommerce\includes\admin\class-wc-admin-meta-boxes.php rivillä 17

2020-11-04T08:19:21+00:00 CRITICAL Maximum execution time of 30 seconds exceeded tässä C:\xampp\htdocs\webSiteKarilta\wp-content\plugins\woocommerce\includes\admin\settings\class-wc-settings-tax.php rivillä 11

2020-11-04T08:21:34+00:00 CRITICAL Maximum execution time of 30 seconds exceeded tässä C:\xampp\htdocs\webSiteKarilta\wp-content\plugins\woocommerce\includes\rest-api\Controllers\Version3\class-wc-rest-webhooks-controller.php rivillä 19

2020-11-04T12:49:17+00:00 CRITICAL Maximum execution time of 30 seconds exceeded in C:\xampp\htdocs\webSiteKarilta\wp-includes\Requests\Transport\cURL.php on line 163

2020-11-04T12:49:17+00:00 CRITICAL Maximum execution time of 30 seconds exceeded in C:\xampp\htdocs\webSiteKarilta\wp-content\plugins\woocommerce\includes\admin\class-wc-admin-assets.php on line 11

2020-11-04T12:49:19+00:00 CRITICAL Maximum execution time of 30 seconds exceeded in C:\xampp\htdocs\webSiteKarilta\wp-content\plugins\woocommerce\includes\tracks\class-wc-tracks-client.php on line 15

2020-11-04T12:49:19+00:00 CRITICAL Maximum execution time of 30 seconds exceeded in C:\xampp\htdocs\webSiteKarilta\wp-includes\wp-db.php on line 2033

eader.php on line 14

2020-11-04T12:51:00+00:00 CRITICAL Maximum execution time of 30 seconds exceeded in C:\xampp\htdocs\webSiteKarilta\wp-includes\wp-db.php on line 2033

2020-11-04T12:52:23+00:00 CRITICAL Maximum execution time of 30 seconds exceeded in C:\xampp\htdocs\webSiteKarilta\wp-content\plugins\woocommerce\packages\woocommerce-blocks\src\Installer.php on line 10

2020-11-04T12:52:24+00:00 CRITICAL Maximum execution time of 30 seconds exceeded in C:\xampp\htdocs\webSiteKarilta\wp-content\plugins\woocommerce\packages\woocommerce-admin\src\Schedulers\ImportScheduler.php on line 8

2020-11-04T12:52:55+00:00 CRITICAL Maximum execution time of 30 seconds exceeded in C:\xampp\htdocs\webSiteKarilta\wp-content\plugins\woocommerce\includes\admin\class-wc-admin-post-types.php on line 11

2020-11-04T12:56:17+00:00 CRITICAL Maximum execution time of 30 seconds exceeded in C:\xampp\htdocs\webSiteKarilta\wp-content\plugins\woocommerce\packages\woocommerce-admin\src\Notes\WC_Admin_Notes.php on line 8

2020-11-04T12:56:31+00:00 CRITICAL Maximum execution time of 30 seconds exceeded in C:\xampp\htdocs\webSiteKarilta\wp-includes\wp-db.php on line 2033

2020-11-04T12:59:01+00:00 CRITICAL Maximum execution time of 30 seconds exceeded in C:\xampp\htdocs\webSiteKarilta\wp-content\plugins\woocommerce\packages\woocommerce-admin\includes\core-functions.php on line 18

2020-11-04T13:00:07+00:00 CRITICAL Maximum execution time of 30 seconds exceeded in C:\xampp\htdocs\webSiteKarilta\wp-includes\Requests\Transport\cURL.php on line 163

2020-11-04T13:00:22+00:00 CRITICAL Maximum execution time of 30 seconds exceeded in C:\xampp\htdocs\webSiteKarilta\wp-includes\Requests\Transport\cURL.php on line 481

2020-11-04T13:01:49+00:00 CRITICAL Maximum execution time of 30 seconds exceeded in C:\xampp\htdocs\webSiteKarilta\wp-includes\pluggable-deprecated.php on line 18

2020-11-04T13:02:28+00:00 CRITICAL Maximum execution time of 30 seconds exceeded in C:\xampp\htdocs\webSiteKarilta\wp-includes\wp-db.php on line 2033

2020-11-04T13:03:33+00:00 CRITICAL Maximum execution time of 30 seconds exceeded in C:\xampp\htdocs\webSiteKarilta\wp-content\plugins\woocommerce\packages\woocommerce-admin\src\CategoryLookup.php on line 8

2020-11-04T13:04:37+00:00 CRITICAL Maximum execution time of 30 seconds exceeded in C:\xampp\htdocs\webSiteKarilta\wp-includes\wp-db.php on line 2033

2020-11-04T13:05:10+00:00 CRITICAL Maximum execution time of 30 seconds exceeded in C:\xampp\htdocs\webSiteKarilta\wp-content\plugins\woocommerce\packages\woocommerce-admin\src\Notes\WC_Admin_Notes_Draw_Attention.php on line 12

2020-11-04T13:06:08+00:00 CRITICAL Maximum execution time of 30 seconds exceeded in C:\xampp\htdocs\webSiteKarilta\wp-admin\includes\media.php on line 16

2020-11-04T13:08:17+00:00 CRITICAL Maximum execution time of 30 seconds exceeded in C:\xampp\htdocs\webSiteKarilta\wp-content\plugins\woocommerce\packages\woocommerce-blocks\src\Registry\Container.php on line 14

2020-11-04T13:09:44+00:00 CRITICAL Maximum execution time of 30 seconds exceeded in C:\xampp\htdocs\webSiteKarilta\wp-content\plugins\woocommerce\packages\action-scheduler\deprecated\functions.php on line 21

2020-11-04T13:11:43+00:00 CRITICAL Maximum execution time of 30 seconds exceeded in C:\xampp\htdocs\webSiteKarilta\wp-content\plugins\woocommerce\packages\woocommerce-admin\src\Install.php on line 8

2020-11-04T13:13:09+00:00 CRITICAL Maximum execution time of 30 seconds exceeded in C:\xampp\htdocs\webSiteKarilta\wp-includes\customize\class-wp-customize-background-position-control.php on line 17

2020-11-04T13:13:56+00:00 CRITICAL Maximum execution time of 30 seconds exceeded in C:\xampp\htdocs\webSiteKarilta\wp-includes\wp-db.php on line 2033

2020-11-04T13:13:56+00:00 CRITICAL Maximum execution time of 30 seconds exceeded in C:\xampp\htdocs\webSiteKarilta\wp-includes\wp-db.php on line 2033

2020-11-04T13:14:09+00:00 CRITICAL Maximum execution time of 30 seconds exceeded in C:\xampp\htdocs\webSiteKarilta\wp-admin\includes\theme.php on line 21

